<?xml version="1.0" encoding="UTF-8"?>
<robot generator="Robot 7.0.1 (Python 3.12.4 on win32)" generated="2024-08-17T17:26:07.649348" rpa="false" schemaversion="5">
<suite id="s1" name="Test Rahulshetty" source="D:\Robot  Framework\Practice\test_rahulshetty.robot">
<test id="s1-t1" name="Functionality Check" line="6">
<kw name="Open Browser" owner="SeleniumLibrary">
<msg time="2024-08-17T17:26:08.119225" level="INFO">Opening browser 'edge' to base url 'https://rahulshettyacademy.com/loginpagePractise/'.</msg>
<arg>https://rahulshettyacademy.com/loginpagePractise/</arg>
<arg>edge</arg>
<doc>Opens a new browser instance to the optional ``url``.</doc>
<status status="PASS" start="2024-08-17T17:26:08.119225" elapsed="2.983947"/>
</kw>
<kw name="Maximize Browser Window" owner="SeleniumLibrary">
<doc>Maximizes current browser window.</doc>
<status status="PASS" start="2024-08-17T17:26:11.109356" elapsed="0.079550"/>
</kw>
<kw name="Input Text" owner="SeleniumLibrary">
<msg time="2024-08-17T17:26:11.188906" level="INFO">Typing text 'rahulshettyacademy' into text field '//input[@id='username']'.</msg>
<arg>//input[@id='username']</arg>
<arg>rahulshettyacademy</arg>
<doc>Types the given ``text`` into the text field identified by ``locator``.</doc>
<status status="PASS" start="2024-08-17T17:26:11.188906" elapsed="0.261969"/>
</kw>
<kw name="Input Password" owner="SeleniumLibrary">
<msg time="2024-08-17T17:26:11.453100" level="INFO">Typing password into text field '//input[@id='password']'.</msg>
<msg time="2024-08-17T17:26:11.524994" level="INFO">Temporally setting log level to: NONE</msg>
<arg>//input[@id='password']</arg>
<arg>learning</arg>
<doc>Types the given password into the text field identified by ``locator``.</doc>
<status status="PASS" start="2024-08-17T17:26:11.450875" elapsed="0.198612"/>
</kw>
<kw name="Click Element" owner="SeleniumLibrary">
<msg time="2024-08-17T17:26:11.649487" level="INFO">Clicking element '//label[2]//span[2]'.</msg>
<arg>//label[2]//span[2]</arg>
<doc>Click the element identified by ``locator``.</doc>
<status status="PASS" start="2024-08-17T17:26:11.649487" elapsed="0.091711"/>
</kw>
<kw name="Wait Until Element Is Visible" owner="SeleniumLibrary">
<arg>//div[@class='modal-footer justify-content-center']</arg>
<doc>Waits until the element ``locator`` is visible.</doc>
<status status="PASS" start="2024-08-17T17:26:11.741198" elapsed="0.265824"/>
</kw>
<kw name="Click Button" owner="SeleniumLibrary">
<msg time="2024-08-17T17:26:12.008096" level="INFO">Clicking button '//button[@id='okayBtn']'.</msg>
<arg>//button[@id='okayBtn']</arg>
<doc>Clicks the button identified by ``locator``.</doc>
<status status="PASS" start="2024-08-17T17:26:12.007022" elapsed="0.107831"/>
</kw>
<kw name="Select From List By Value" owner="SeleniumLibrary">
<msg time="2024-08-17T17:26:12.116225" level="INFO">Selecting options from selection list '//select[@class='form-control']' by value stud.</msg>
<arg>//select[@class='form-control']</arg>
<arg>stud</arg>
<doc>Selects options from selection list ``locator`` by ``values``.</doc>
<status status="PASS" start="2024-08-17T17:26:12.116225" elapsed="0.080061"/>
</kw>
<kw name="Click Button" owner="SeleniumLibrary">
<msg time="2024-08-17T17:26:12.198120" level="INFO">Clicking button '//input[@id='signInBtn']'.</msg>
<arg>//input[@id='signInBtn']</arg>
<doc>Clicks the button identified by ``locator``.</doc>
<status status="PASS" start="2024-08-17T17:26:12.198120" elapsed="0.244434"/>
</kw>
<kw name="Sleep" owner="BuiltIn">
<msg time="2024-08-17T17:26:17.445685" level="INFO">Slept 5 seconds.</msg>
<arg>5</arg>
<doc>Pauses the test executed for the given time.</doc>
<status status="PASS" start="2024-08-17T17:26:12.445003" elapsed="5.000682"/>
</kw>
<kw name="Close All Browsers" owner="SeleniumLibrary">
<doc>Closes all open browsers and resets the browser cache.</doc>
<status status="PASS" start="2024-08-17T17:26:17.445685" elapsed="6.445225"/>
</kw>
<status status="PASS" start="2024-08-17T17:26:08.119225" elapsed="15.773290"/>
</test>
<status status="PASS" start="2024-08-17T17:26:07.649348" elapsed="16.244313"/>
</suite>
<statistics>
<total>
<stat pass="1" fail="0" skip="0">All Tests</stat>
</total>
<tag>
</tag>
<suite>
<stat pass="1" fail="0" skip="0" id="s1" name="Test Rahulshetty">Test Rahulshetty</stat>
</suite>
</statistics>
<errors>
</errors>
</robot>
