<?xml version="1.0" encoding="UTF-8"?>
<robot generator="Robot 7.0.1 (Python 3.12.4 on win32)" generated="2024-08-24T20:14:54.098519" rpa="false" schemaversion="5">
<suite id="s1" name="Test User Defined Keywords With Return Value" source="D:\Robot  Framework\TestCases\test_user_defined_keywords_with_return_value.robot">
<test id="s1-t1" name="TestCase - 2" line="12">
<kw name="Launch The Browser" owner="resource">
<kw name="Open Browser" owner="SeleniumLibrary">
<msg time="2024-08-24T20:14:54.641126" level="INFO">Opening browser 'edge' to base url 'https://demo.guru99.com/test/newtours/'.</msg>
<arg>${app_url}</arg>
<arg>${app_browser}</arg>
<doc>Opens a new browser instance to the optional ``url``.</doc>
<status status="PASS" start="2024-08-24T20:14:54.641126" elapsed="5.457379"/>
</kw>
<kw name="Maximize Browser Window" owner="SeleniumLibrary">
<doc>Maximizes current browser window.</doc>
<status status="PASS" start="2024-08-24T20:15:00.098505" elapsed="0.112834"/>
</kw>
<kw name="Get Title" owner="SeleniumLibrary">
<msg time="2024-08-24T20:15:00.224388" level="INFO">${page_title} = Welcome: Mercury Tours</msg>
<var>${page_title}</var>
<doc>Returns the title of the current page.</doc>
<status status="PASS" start="2024-08-24T20:15:00.211339" elapsed="0.013049"/>
</kw>
<return>
<value>${page_title}</value>
<status status="PASS" start="2024-08-24T20:15:00.224388" elapsed="0.000000"/>
</return>
<msg time="2024-08-24T20:15:00.224388" level="INFO">${title} = Welcome: Mercury Tours</msg>
<var>${title}</var>
<arg>${url}</arg>
<arg>${browser}</arg>
<status status="PASS" start="2024-08-24T20:14:54.641126" elapsed="5.583262"/>
</kw>
<kw name="Input Text" owner="SeleniumLibrary">
<msg time="2024-08-24T20:15:00.224388" level="INFO">Typing text 'mercury' into text field 'xpath://input[@name='userName']'.</msg>
<arg>xpath://input[@name='userName']</arg>
<arg>mercury</arg>
<doc>Types the given ``text`` into the text field identified by ``locator``.</doc>
<status status="PASS" start="2024-08-24T20:15:00.224388" elapsed="0.272879"/>
</kw>
<kw name="Input Text" owner="SeleniumLibrary">
<msg time="2024-08-24T20:15:00.500139" level="INFO">Typing text 'mercury' into text field 'xpath://input[@name='password']'.</msg>
<arg>xpath://input[@name='password']</arg>
<arg>mercury</arg>
<doc>Types the given ``text`` into the text field identified by ``locator``.</doc>
<status status="PASS" start="2024-08-24T20:15:00.497267" elapsed="0.323542"/>
</kw>
<kw name="Log To Console" owner="BuiltIn">
<arg>${title}</arg>
<doc>Logs the given message to the console.</doc>
<status status="PASS" start="2024-08-24T20:15:00.820809" elapsed="0.000000"/>
</kw>
<kw name="Sleep" owner="BuiltIn">
<msg time="2024-08-24T20:15:02.824780" level="INFO">Slept 2 seconds.</msg>
<arg>2</arg>
<doc>Pauses the test executed for the given time.</doc>
<status status="PASS" start="2024-08-24T20:15:00.824521" elapsed="2.000259"/>
</kw>
<kw name="Close All Browsers" owner="SeleniumLibrary">
<doc>Closes all open browsers and resets the browser cache.</doc>
<status status="PASS" start="2024-08-24T20:15:02.824780" elapsed="6.302120"/>
</kw>
<status status="PASS" start="2024-08-24T20:14:54.637470" elapsed="14.489430"/>
</test>
<status status="PASS" start="2024-08-24T20:14:54.100996" elapsed="15.025904"/>
</suite>
<statistics>
<total>
<stat pass="1" fail="0" skip="0">All Tests</stat>
</total>
<tag>
</tag>
<suite>
<stat pass="1" fail="0" skip="0" id="s1" name="Test User Defined Keywords With Return Value">Test User Defined Keywords With Return Value</stat>
</suite>
</statistics>
<errors>
</errors>
</robot>
